<?xml version="1.0" encoding="UTF-8"?>
<testng-results ignored="0" total="1" passed="1" failed="0" skipped="0">
  <reporter-output>
  </reporter-output>
  <suite started-at="2025-03-27T12:37:37 CET" name="Default suite" finished-at="2025-03-27T12:37:43 CET" duration-ms="6056">
    <groups>
    </groups>
    <test started-at="2025-03-27T12:37:37 CET" name="Default test" finished-at="2025-03-27T12:37:43 CET" duration-ms="6056">
      <class name="tests.SeleniumSaurceDemoHappyPathTestNG">
        <test-method is-config="true" signature="beforeMethod()[pri:0, instance:tests.SeleniumSaurceDemoHappyPathTestNG@3697186]" started-at="2025-03-27T12:37:37 CET" name="beforeMethod" finished-at="2025-03-27T12:37:40 CET" duration-ms="3123" status="PASS">
          <reporter-output>
          </reporter-output>
        </test-method> <!-- beforeMethod -->
        <test-method signature="testThatTotalPriceIsCorrect()[pri:0, instance:tests.SeleniumSaurceDemoHappyPathTestNG@3697186]" started-at="2025-03-27T12:37:40 CET" name="testThatTotalPriceIsCorrect" finished-at="2025-03-27T12:37:43 CET" duration-ms="2182" status="PASS">
          <reporter-output>
          </reporter-output>
        </test-method> <!-- testThatTotalPriceIsCorrect -->
        <test-method is-config="true" signature="afterMethod()[pri:0, instance:tests.SeleniumSaurceDemoHappyPathTestNG@3697186]" started-at="2025-03-27T12:37:43 CET" name="afterMethod" finished-at="2025-03-27T12:37:43 CET" duration-ms="695" status="PASS">
          <reporter-output>
          </reporter-output>
        </test-method> <!-- afterMethod -->
      </class> <!-- tests.SeleniumSaurceDemoHappyPathTestNG -->
    </test> <!-- Default test -->
  </suite> <!-- Default suite -->
</testng-results>
